PRT1
68
162
4 0 2 (1963 2048 2327 ) (1024 2048 2327 ) (1024 2048 -81 ) (1963 2048 -81 ) 
4 0 1 (1024 2048 -81 ) (1024 2048 2327 ) (1024 2968 2327 ) (1024 2968 -81 ) 
4 1 4 (0 2048 -81 ) (0 2048 2327 ) (0 2968 2327 ) (0 2968 -81 ) 
4 1 3 (1024 2048 -81 ) (1024 2048 2327 ) (0 2048 2327 ) (0 2048 -81 ) 
4 2 8 (1963 1024 2327 ) (1024 1024 2327 ) (1024 1024 -81 ) (1963 1024 -81 ) 
4 2 3 (1024 2048 2327 ) (1024 2048 -81 ) (1024 1024 -81 ) (1024 1024 2327 ) 
4 3 13 (1024 1024 -81 ) (1024 1024 0 ) (0 1024 0 ) (0 1024 -81 ) 
4 3 12 (1024 1024 0 ) (1024 1024 32 ) (5 1024 32 ) (5 1024 0 ) 
4 3 11 (1024 1024 32 ) (1024 1024 992 ) (5 1024 992 ) (5 1024 32 ) 
4 3 10 (5 1024 2327 ) (0 1024 2327 ) (0 1024 1024 ) (5 1024 1024 ) 
4 3 9 (1024 1024 992 ) (1024 1024 2327 ) (5 1024 2327 ) (5 1024 992 ) 
4 3 5 (0 1024 -81 ) (0 1024 2327 ) (0 2048 2327 ) (0 2048 -81 ) 
4 4 6 (-1024 2048 -81 ) (-1024 2048 2327 ) (-1024 2968 2327 ) (-1024 2968 -81 ) 
4 4 5 (0 2048 -81 ) (0 2048 2327 ) (-1024 2048 2327 ) (-1024 2048 -81 ) 
4 5 39 (0 1024 -81 ) (0 1024 0 ) (-1024 1024 0 ) (-1024 1024 -81 ) 
4 5 38 (-27 1024 64 ) (-39.093803 1024 64 ) (-39.093803 1024 32 ) (-27 1024 32 ) 
4 5 26 (-27 1024 222 ) (-39.093803 1024 222 ) (-39.093803 1024 64 ) (-27 1024 64 ) 
4 5 22 (-32 1024 992 ) (-39.093803 1024 992 ) (-39.093803 1024 222 ) (-32 1024 222 ) 
4 5 21 (-27 1024 992 ) (-32 1024 992 ) (-32 1024 222 ) (-27 1024 222 ) 
4 5 20 (0 1024 1024 ) (0 1024 2327 ) (-1024 1024 2327 ) (-1024 1024 1024 ) 
4 5 7 (-1024 1024 -81 ) (-1024 1024 2327 ) (-1024 2048 2327 ) (-1024 2048 -81 ) 
4 6 7 (-1024 2048 -81 ) (-1024 2048 2327 ) (-1517 2048 2327 ) (-1517 2048 -81 ) 
4 7 46 (-1406 1024 32 ) (-1517 1024 32 ) (-1517 1024 -81 ) (-1406 1024 -81 ) 
4 7 45 (-1024 1024 -81 ) (-1024 1024 0 ) (-1406 1024 0 ) (-1406 1024 -81 ) 
4 7 44 (-1407 1024 992 ) (-1517 1024 992 ) (-1517 1024 32 ) (-1407 1024 32 ) 
4 7 40 (-1024 1024 1024 ) (-1024 1024 2327 ) (-1359 1024 2327 ) (-1359 1024 1024 ) 
4 7 41 (-1359 1024 2327 ) (-1517 1024 2327 ) (-1517 1024 992 ) (-1359 1024 992 ) 
4 8 14 (1963 0 2327 ) (1024 0 2327 ) (1024 0 -81 ) (1963 0 -81 ) 
4 8 13 (1024 0 -81 ) (1024 0 0 ) (1024 1024 0 ) (1024 1024 -81 ) 
4 8 12 (1024 0 0 ) (1024 0 32 ) (1024 1024 32 ) (1024 1024 0 ) 
4 8 11 (1024 0 32 ) (1024 0 992 ) (1024 1024 992 ) (1024 1024 32 ) 
4 8 9 (1024 0 992 ) (1024 0 2327 ) (1024 1024 2327 ) (1024 1024 992 ) 
4 9 15 (1024 0 992 ) (1024 0 2327 ) (5 0 2327 ) (5 0 992 ) 
4 9 11 (5 1024 992 ) (1024 1024 992 ) (1024 0 992 ) (5 0 992 ) 
4 9 10 (5 0 1024 ) (5 0 2327 ) (5 1024 2327 ) (5 1024 1024 ) 
4 10 20 (0 1024 2327 ) (0 1024 1024 ) (0 0 1024 ) (0 0 2327 ) 
4 10 16 (5 0 2327 ) (0 0 2327 ) (0 0 1024 ) (5 0 1024 ) 
4 11 17 (1024 0 32 ) (1024 0 992 ) (5 0 992 ) (5 0 32 ) 
4 11 12 (1024 0 32 ) (5 0 32 ) (5 1024 32 ) (1024 1024 32 ) 
4 12 17 (1024 0 0 ) (1024 0 32 ) (5 0 32 ) (5 0 0 ) 
4 12 13 (5 1024 0 ) (1024 1024 0 ) (1024 0 0 ) (5 0 0 ) 
4 13 39 (0 1024 0 ) (0 1024 -81 ) (0 0 -81 ) (0 0 0 ) 
4 13 18 (5 0 0 ) (0 0 0 ) (0 0 -81 ) (5 0 -81 ) 
4 13 17 (1024 0 -81 ) (1024 0 0 ) (5 0 0 ) (5 0 -81 ) 
4 14 19 (1024 -308 -81 ) (1024 -428 -81 ) (1024 -428 2327 ) (1024 -308 2327 ) 
4 14 17 (1024 0 992 ) (1024 0 -81 ) (1024 -308 -81 ) (1024 -308 992 ) 
4 14 15 (1024 0 2327 ) (1024 0 992 ) (1024 -308 992 ) (1024 -308 2327 ) 
4 15 19 (1024 -308 992 ) (1024 -308 2327 ) (5 -308 2327 ) (5 -308 992 ) 
4 15 17 (1024 -308 992 ) (5 -308 992 ) (5 0 992 ) (1024 0 992 ) 
4 15 16 (5 -308 1024 ) (5 -308 2327 ) (5 0 2327 ) (5 0 1024 ) 
4 16 47 (0 -308 2327 ) (0 0 2327 ) (0 0 1024 ) (0 -308 1024 ) 
4 16 19 (5 -308 2327 ) (0 -308 2327 ) (0 -308 1024 ) (5 -308 1024 ) 
4 17 19 (5 -308 -81 ) (1024 -308 -81 ) (1024 -308 992 ) (5 -308 992 ) 
4 17 18 (5 0 -81 ) (5 -308 -81 ) (5 -308 32 ) (5 0 32 ) 
4 18 49 (0 0 32 ) (0 0 -81 ) (0 -308 -81 ) (0 -308 32 ) 
4 18 19 (0 -308 -81 ) (5 -308 -81 ) (5 -308 32 ) (0 -308 32 ) 
4 19 57 (0 -308 992 ) (0 -308 -81 ) (0 -428 -81 ) (0 -428 992 ) 
4 19 48 (0 -428 2327 ) (0 -308 2327 ) (0 -308 992 ) (0 -428 992 ) 
4 20 47 (0 0 1024 ) (0 0 2327 ) (-1024 0 2327 ) (-1024 0 1024 ) 
4 20 40 (-1024 1024 2327 ) (-1024 1024 1024 ) (-1024 0 1024 ) (-1024 0 2327 ) 
4 21 50 (-27 0 992 ) (-32 0 992 ) (-32 0 222 ) (-27 0 222 ) 
4 21 31 (-27 32 222 ) (-27 0 222 ) (-32 0 222 ) (-32 32 222 ) 
4 21 28 (-27 518 222 ) (-27 512 222 ) (-32 512 222 ) (-32 518 222 ) 
4 21 26 (-32 1024 222 ) (-27 1024 222 ) (-27 518 222 ) (-32 518 222 ) 
4 21 24 (-32 0 256 ) (-32 0 992 ) (-32 512 992 ) (-32 512 256 ) 
4 21 22 (-32 1024 222 ) (-32 512 222 ) (-32 512 992 ) (-32 1024 992 ) 
4 22 28 (-32 518 222 ) (-32 512 222 ) (-39.093803 512 222 ) (-39.093803 518 222 ) 
4 22 26 (-39.093803 1024 222 ) (-32 1024 222 ) (-32 518 222 ) (-39.093803 518 222 ) 
4 22 24 (-32 512 256 ) (-32 512 992 ) (-39.093803 512 992 ) (-39.093803 512 256 ) 
4 22 23 (-39.093803 992 222 ) (-39.093803 512 222 ) (-39.093803 512 992 ) (-39.093803 992 992 ) 
4 23 42 (-1024 992 222 ) (-1024 512 222 ) (-1024 512 992 ) (-1024 992 992 ) 
4 23 30 (-1024 512 222 ) (-1024 518 222 ) (-534 518 222 ) (-534 512 222 ) 
4 23 28 (-64 518 222 ) (-39.093803 518 222 ) (-39.093803 512 222 ) (-64 512 222 ) 
4 23 27 (-1024 518 222 ) (-1024 992 222 ) (-39.093803 992 222 ) (-39.093803 518 222 ) 
4 23 24 (-39.093803 512 256 ) (-39.093803 512 992 ) (-534 512 992 ) (-534 512 256 ) 
4 23 25 (-1024 512 222 ) (-534 512 222 ) (-534 512 992 ) (-1024 512 992 ) 
4 24 50 (-32 0 992 ) (-534 0 992 ) (-534 0 256 ) (-32 0 256 ) 
4 24 25 (-534 512 992 ) (-534 512 256 ) (-534 0 256 ) (-534 0 992 ) 
4 25 54 (-534 0 992 ) (-1024 0 992 ) (-1024 0 222 ) (-534 0 222 ) 
4 25 42 (-1024 512 222 ) (-1024 0 222 ) (-1024 0 992 ) (-1024 512 992 ) 
4 25 36 (-544 512 222 ) (-534 512 222 ) (-534 64 222 ) (-544 64 222 ) 
4 25 37 (-1024 0 222 ) (-1024 512 222 ) (-544 512 222 ) (-544 0 222 ) 
4 26 38 (-39.093803 1024 64 ) (-27 1024 64 ) (-27 1002.450073 64 ) (-39.093803 1002.450073 64 ) 
4 26 28 (-39.093803 518 64 ) (-27 518 64 ) (-27 518 222 ) (-39.093803 518 222 ) 
4 26 27 (-39.093803 992 64 ) (-39.093803 518 64 ) (-39.093803 518 222 ) (-39.093803 992 222 ) 
4 27 42 (-1024 992 64 ) (-1024 518 64 ) (-1024 518 222 ) (-1024 992 222 ) 
4 27 30 (-1024 518 64 ) (-534 518 64 ) (-534 518 222 ) (-1024 518 222 ) 
4 27 29 (-320 518 113 ) (-320 518 204 ) (-379 518 204 ) (-379 518 113 ) 
4 27 28 (-64 518 64 ) (-39.093803 518 64 ) (-39.093803 518 222 ) (-64 518 222 ) 
4 29 32 (-320 512 113 ) (-320 512 204 ) (-379 512 204 ) (-379 512 113 ) 
4 30 42 (-1024 518 64 ) (-1024 512 64 ) (-1024 512 222 ) (-1024 518 222 ) 
4 30 36 (-544 512 64 ) (-534 512 64 ) (-534 512 222 ) (-544 512 222 ) 
4 30 37 (-1024 512 64 ) (-544 512 64 ) (-544 512 222 ) (-1024 512 222 ) 
4 31 50 (-27 0 222 ) (-64 0 222 ) (-64 0 64 ) (-27 0 64 ) 
4 32 33 (-192 320 64 ) (-64 320 64 ) (-64 320 222 ) (-192 320 222 ) 
4 33 34 (-192 314 64 ) (-192 64 64 ) (-192 64 222 ) (-192 314 222 ) 
4 34 35 (-528 204 64 ) (-528 156 64 ) (-528 156 172 ) (-528 204 172 ) 
4 35 36 (-534 204 64 ) (-534 156 64 ) (-534 156 172 ) (-534 204 172 ) 
4 36 37 (-544 512 222 ) (-544 512 64 ) (-544 64 64 ) (-544 64 222 ) 
4 37 54 (-544 0 222 ) (-1024 0 222 ) (-1024 0 64 ) (-544 0 64 ) 
4 37 42 (-1024 512 64 ) (-1024 0 64 ) (-1024 0 222 ) (-1024 512 222 ) 
4 39 56 (-27 0 0 ) (-1024 0 0 ) (-1024 0 -81 ) (-27 0 -81 ) 
4 39 49 (0 0 -81 ) (0 0 0 ) (-27 0 0 ) (-27 0 -81 ) 
4 39 45 (-1024 1024 0 ) (-1024 1024 -81 ) (-1024 0 -81 ) (-1024 0 0 ) 
4 40 58 (-1024 0 1024 ) (-1024 0 2327 ) (-1359 0 2327 ) (-1359 0 1024 ) 
4 40 41 (-1359 0 1024 ) (-1359 0 2327 ) (-1359 1024 2327 ) (-1359 1024 1024 ) 
4 41 59 (-1359 0 2327 ) (-1517 0 2327 ) (-1517 0 992 ) (-1359 0 992 ) 
4 41 44 (-1517 1024 992 ) (-1407 1024 992 ) (-1407 0 992 ) (-1517 0 992 ) 
4 42 60 (-1024 0 64 ) (-1024 0 992 ) (-1343 0 992 ) (-1343 0 64 ) 
4 42 43 (-1343 0 64 ) (-1343 0 992 ) (-1343 992 992 ) (-1343 992 64 ) 
4 43 61 (-1343 0 992 ) (-1344 0 992 ) (-1344 0 32 ) (-1343 0 32 ) 
4 44 66 (-1407 0 992 ) (-1517 0 992 ) (-1517 0 32 ) (-1407 0 32 ) 
4 44 46 (-1407 0 32 ) (-1517 0 32 ) (-1517 1024 32 ) (-1407 1024 32 ) 
4 45 65 (-1344 0 0 ) (-1406 0 0 ) (-1406 0 -81 ) (-1344 0 -81 ) 
4 45 64 (-1024 0 -81 ) (-1024 0 0 ) (-1344 0 0 ) (-1344 0 -81 ) 
4 45 46 (-1406 1024 -81 ) (-1406 0 -81 ) (-1406 0 0 ) (-1406 1024 0 ) 
4 46 65 (-1406 0 32 ) (-1407 0 32 ) (-1407 0 -81 ) (-1406 0 -81 ) 
4 46 66 (-1407 0 32 ) (-1517 0 32 ) (-1517 0 -81 ) (-1407 0 -81 ) 
4 47 58 (-1024 0 2327 ) (-1024 0 1024 ) (-1024 -308 1024 ) (-1024 -308 2327 ) 
4 47 48 (0 -308 1024 ) (0 -308 2327 ) (-1024 -308 2327 ) (-1024 -308 1024 ) 
4 48 67 (-1024 -308 992 ) (-1024 -428 992 ) (-1024 -428 2327 ) (-1024 -308 2327 ) 
4 48 57 (-1024 -428 992 ) (-1024 -308 992 ) (0 -308 992 ) (0 -428 992 ) 
4 49 57 (-27 -308 -81 ) (0 -308 -81 ) (0 -308 32 ) (-27 -308 32 ) 
4 49 52 (-27 -308 0 ) (-27 -308 32 ) (-27 -266.375000 32 ) (-27 -266.375000 0 ) 
4 49 51 (-27 -266.375000 32 ) (-27 -266 32 ) (-27 -266 0 ) (-27 -266.375000 0 ) 
4 49 56 (-27 0 -81 ) (-27 -308 -81 ) (-27 -308 0 ) (-27 0 0 ) 
4 50 54 (-534 -266 64 ) (-534 -266 992 ) (-534 0 992 ) (-534 0 64 ) 
4 50 51 (-534 -266 992 ) (-534 -266 64 ) (-27 -266 64 ) (-27 -266 992 ) 
4 51 54 (-534 -266.375000 64 ) (-534 -266.375000 992 ) (-534 -266 992 ) (-534 -266 64 ) 
4 51 53 (-534 -266.375000 32 ) (-534 -266.375000 0 ) (-39.093803 -266.375000 0 ) (-39.093803 -266.375000 32 ) 
4 51 52 (-39.093803 -266.375000 0 ) (-27 -266.375000 0 ) (-27 -266.375000 992 ) (-39.093803 -266.375000 992 ) 
4 51 56 (-27 -266 0 ) (-27 -266.375000 0 ) (-534 -266.375000 0 ) (-534 -266 0 ) 
4 52 57 (-27 -308 0 ) (-27 -308 992 ) (-39.093803 -308 992 ) (-39.093803 -308 0 ) 
4 52 53 (-39.093803 -266.375000 32 ) (-39.093803 -266.375000 0 ) (-39.093803 -308 0 ) (-39.093803 -308 32 ) 
4 52 56 (-27 -266.375000 0 ) (-27 -308 0 ) (-39.093803 -308 0 ) (-39.093803 -266.375000 0 ) 
4 53 57 (-534 -308 32 ) (-534 -308 0 ) (-39.093803 -308 0 ) (-39.093803 -308 32 ) 
4 53 55 (-534 -271 0 ) (-534 -308 0 ) (-534 -308 32 ) (-534 -271 32 ) 
4 53 56 (-39.093803 -308 0 ) (-534 -308 0 ) (-534 -266.375000 0 ) (-39.093803 -266.375000 0 ) 
4 54 60 (-1024 0 992 ) (-1024 0 64 ) (-1024 -266.375000 64 ) (-1024 -266.375000 992 ) 
4 55 63 (-1024 -271 0 ) (-1024 -308 0 ) (-1024 -308 32 ) (-1024 -271 32 ) 
4 55 57 (-1024 -308 32 ) (-1024 -308 0 ) (-534 -308 0 ) (-534 -308 32 ) 
4 55 56 (-534 -308 0 ) (-1024 -308 0 ) (-1024 -271 0 ) (-534 -271 0 ) 
4 56 64 (-1024 0 0 ) (-1024 0 -81 ) (-1024 -308 -81 ) (-1024 -308 0 ) 
4 56 57 (-1024 -308 -81 ) (-27 -308 -81 ) (-27 -308 0 ) (-1024 -308 0 ) 
4 57 67 (-1024 -308 -81 ) (-1024 -428 -81 ) (-1024 -428 992 ) (-1024 -308 992 ) 
4 58 67 (-1024 -308 1024 ) (-1024 -308 2327 ) (-1359 -308 2327 ) (-1359 -308 1024 ) 
4 58 59 (-1359 -308 1024 ) (-1359 -308 2327 ) (-1359 0 2327 ) (-1359 0 1024 ) 
4 59 67 (-1359 -308 2327 ) (-1517 -308 2327 ) (-1517 -308 992 ) (-1359 -308 992 ) 
4 59 66 (-1407 -308 992 ) (-1517 -308 992 ) (-1517 0 992 ) (-1407 0 992 ) 
4 60 61 (-1343 -266.375000 64 ) (-1343 -266.375000 992 ) (-1343 0 992 ) (-1343 0 64 ) 
4 61 62 (-1344 -266.375000 32 ) (-1344 0 32 ) (-1343 0 32 ) (-1343 -266.375000 32 ) 
4 62 65 (-1344 0 32 ) (-1344 0 0 ) (-1344 -271 0 ) (-1344 -271 32 ) 
4 62 63 (-1344 -271 32 ) (-1344 -271 0 ) (-1343 -271 0 ) (-1343 -271 32 ) 
4 62 64 (-1344 -271 0 ) (-1344 0 0 ) (-1343 0 0 ) (-1343 -271 0 ) 
4 63 67 (-1024 -308 0 ) (-1024 -308 32 ) (-1344 -308 32 ) (-1344 -308 0 ) 
4 63 65 (-1344 -308 0 ) (-1344 -308 32 ) (-1344 -271 32 ) (-1344 -271 0 ) 
4 63 64 (-1024 -308 0 ) (-1344 -308 0 ) (-1344 -271 0 ) (-1024 -271 0 ) 
4 64 67 (-1344 -308 -81 ) (-1024 -308 -81 ) (-1024 -308 0 ) (-1344 -308 0 ) 
4 64 65 (-1344 0 -81 ) (-1344 -308 -81 ) (-1344 -308 0 ) (-1344 0 0 ) 
4 65 67 (-1407 -308 -81 ) (-1344 -308 -81 ) (-1344 -308 32 ) (-1407 -308 32 ) 
4 65 66 (-1407 0 -81 ) (-1407 -308 -81 ) (-1407 -308 32 ) (-1407 0 32 ) 
4 66 67 (-1517 -308 -81 ) (-1407 -308 -81 ) (-1407 -308 992 ) (-1517 -308 992 ) 
